<?xml version="1.0" encoding="UTF-8"?>
<!-- Generated by org.testng.reporters.JUnitXMLReporter -->
<testsuite ignored="0" hostname="vvprodptmdo7-1" failures="1" tests="1" name="Test1" time="3.538" errors="0" timestamp="2024-09-23T13:22:43 UTC">
  <testcase classname="testCases.LoginPageTestCases" name="LoginMethod" time="1.917">
    <failure type="java.lang.AssertionError" message="expected [true] but found [false]">
      <![CDATA[java.lang.AssertionError: expected [true] but found [false]
at testCases.LoginPageTestCases.LoginMethod(LoginPageTestCases.java:22)
at java.base/java.util.ArrayList.forEach(ArrayList.java:1511)
at java.base/java.util.concurrent.FutureTask.run(FutureTask.java:264)
at java.base/java.util.concurrent.ThreadPoolExecutor.runWorker(ThreadPoolExecutor.java:1136)
at java.base/java.util.concurrent.ThreadPoolExecutor$Worker.run(ThreadPoolExecutor.java:635)
at java.base/java.lang.Thread.run(Thread.java:842)
... Removed 21 stack frames]]>
    </failure>
  </testcase> <!-- LoginMethod -->
</testsuite> <!-- Test1 -->
