<?xml version="1.0" encoding="UTF-8"?>
<!-- Generated by org.testng.reporters.JUnitXMLReporter -->
<testsuite ignored="2" hostname="vvprodptmdo7-1" failures="0" tests="1" name="Test" time="3.39" errors="0" timestamp="2024-09-21T18:41:04 UTC">
  <testcase classname="testCases.LoginPageTestCases" name="LoginMethod" time="1.862"/>
  <testcase classname="testCases.LoginPageTestCases" name="LoginMethod3" time="0.0">
    <ignored/>
  </testcase> <!-- LoginMethod3 -->
  <testcase classname="testCases.LoginPageTestCases" name="LoginMethod2" time="0.0">
    <ignored/>
  </testcase> <!-- LoginMethod2 -->
</testsuite> <!-- Test -->
