<?xml version="1.0" encoding="UTF-8"?>
<!-- Generated by org.testng.reporters.JUnitXMLReporter -->
<testsuite ignored="2" hostname="vvprodptmdo7-1" failures="0" tests="2" name="Test1" time="3.601" errors="0" timestamp="2024-09-24T14:37:03 UTC">
  <testcase classname="testCases.LoginPageTestCases" name="LoginMethod" time="2.041"/>
  <testcase classname="testCases.moveToNocTestCases" name="moveToNocMethod" time="0.487"/>
  <testcase classname="commonFunctions.CommonMain" name="@BeforeSuite myCommonMain" time="0.0">
    <ignored/>
  </testcase> <!-- @BeforeSuite myCommonMain -->
  <testcase classname="commonFunctions.CommonMain" name="@AfterSuite quit" time="0.0">
    <ignored/>
  </testcase> <!-- @AfterSuite quit -->
</testsuite> <!-- Test1 -->
