<?xml version="1.0" encoding="UTF-8"?>
<testng-results ignored="0" total="1" passed="1" failed="0" skipped="0">
  <reporter-output>
  </reporter-output>
  <suite started-at="2024-09-14T08:38:26 UTC" name="Suite" finished-at="2024-09-14T08:38:38 UTC" duration-ms="12909">
    <groups>
    </groups>
    <test started-at="2024-09-14T08:38:26 UTC" name="Test" finished-at="2024-09-14T08:38:38 UTC" duration-ms="12909">
      <class name="testCases.LoginPageTestCases">
        <test-method is-config="true" signature="myCommonMain()[pri:0, instance:testCases.LoginPageTestCases@74235045]" started-at="2024-09-14T08:38:20 UTC" name="myCommonMain" finished-at="2024-09-14T08:38:26 UTC" duration-ms="5252" status="PASS">
          <reporter-output>
          </reporter-output>
        </test-method> <!-- myCommonMain -->
        <test-method signature="LoginMethod(java.lang.String,java.lang.String)[pri:0, instance:testCases.LoginPageTestCases@74235045]" started-at="2024-09-14T08:38:27 UTC" name="LoginMethod" data-provider="myExcelDataRead" finished-at="2024-09-14T08:38:38 UTC" duration-ms="11450" status="PASS">
          <params>
            <param index="0">
              <value>
                <![CDATA[euvdev]]>
              </value>
            </param>
            <param index="1">
              <value>
                <![CDATA[pass@123]]>
              </value>
            </param>
          </params>
          <reporter-output>
          </reporter-output>
        </test-method> <!-- LoginMethod -->
      </class> <!-- testCases.LoginPageTestCases -->
    </test> <!-- Test -->
  </suite> <!-- Suite -->
</testng-results>
