<?xml version="1.0" encoding="UTF-8"?>
<testng-results ignored="0" total="1" passed="1" failed="0" skipped="0">
  <reporter-output>
  </reporter-output>
  <suite started-at="2024-09-11T17:18:56 UTC" name="Suite1" finished-at="2024-09-11T17:18:59 UTC" duration-ms="3157">
    <groups>
    </groups>
    <test started-at="2024-09-11T17:18:56 UTC" name="Test1" finished-at="2024-09-11T17:18:59 UTC" duration-ms="3157">
      <class name="testCases.LoginPageTestCases">
        <test-method is-config="true" signature="browserandpropertyLaunch()[pri:0, instance:testCases.LoginPageTestCases@5542c4ed]" started-at="2024-09-11T17:18:50 UTC" name="browserandpropertyLaunch" finished-at="2024-09-11T17:18:56 UTC" duration-ms="6140" status="PASS">
          <reporter-output>
          </reporter-output>
        </test-method> <!-- browserandpropertyLaunch -->
        <test-method signature="LoginMethod()[pri:0, instance:testCases.LoginPageTestCases@5542c4ed]" started-at="2024-09-11T17:18:56 UTC" name="LoginMethod" finished-at="2024-09-11T17:18:59 UTC" duration-ms="3012" status="PASS">
          <reporter-output>
          </reporter-output>
        </test-method> <!-- LoginMethod -->
      </class> <!-- testCases.LoginPageTestCases -->
    </test> <!-- Test1 -->
  </suite> <!-- Suite1 -->
</testng-results>
